Mon, 06 Jan 2025 16:07:14  INFO loadding data
Mon, 06 Jan 2025 16:07:14  INFO reading category information
Mon, 06 Jan 2025 16:07:21  INFO reading train data
Mon, 06 Jan 2025 16:14:02  INFO reading valid data
Mon, 06 Jan 2025 16:14:03  INFO reading test data
Mon, 06 Jan 2025 16:14:03  INFO get weight for each sample
Mon, 06 Jan 2025 16:15:43  INFO train loss = 0.33878985047340393
Mon, 06 Jan 2025 16:15:48  INFO loss: 0.37846314907073975, Performance is better... saving the model
Mon, 06 Jan 2025 16:15:53  INFO train loss = 0.3038954734802246
Mon, 06 Jan 2025 16:15:58  INFO loss: 0.35317274928092957, Performance is better... saving the model
Mon, 06 Jan 2025 16:16:03  INFO train loss = 0.2712889015674591
Mon, 06 Jan 2025 16:16:09  INFO loss: 0.33317989110946655, Performance is better... saving the model
Mon, 06 Jan 2025 16:16:15  INFO train loss = 0.24728421866893768
Mon, 06 Jan 2025 16:16:20  INFO loss: 0.318660706281662, Performance is better... saving the model
Mon, 06 Jan 2025 16:16:26  INFO train loss = 0.23047597706317902
Mon, 06 Jan 2025 16:16:31  INFO loss: 0.3059766888618469, Performance is better... saving the model
Mon, 06 Jan 2025 16:16:37  INFO train loss = 0.21598654985427856
Mon, 06 Jan 2025 16:16:42  INFO loss: 0.29580965638160706, Performance is better... saving the model
Mon, 06 Jan 2025 16:16:49  INFO train loss = 0.2041122019290924
Mon, 06 Jan 2025 16:16:54  INFO loss: 0.2859463691711426, Performance is better... saving the model
Mon, 06 Jan 2025 16:17:00  INFO train loss = 0.19396111369132996
Mon, 06 Jan 2025 16:17:06  INFO loss: 0.27750521898269653, Performance is better... saving the model
Mon, 06 Jan 2025 16:17:11  INFO train loss = 0.1853877305984497
Mon, 06 Jan 2025 16:17:17  INFO loss: 0.26947566866874695, Performance is better... saving the model
Mon, 06 Jan 2025 16:17:22  INFO train loss = 0.17774325609207153
Mon, 06 Jan 2025 16:17:27  INFO loss: 0.2619299292564392, Performance is better... saving the model
Mon, 06 Jan 2025 16:17:33  INFO train loss = 0.1711495816707611
Mon, 06 Jan 2025 16:17:39  INFO loss: 0.25512558221817017, Performance is better... saving the model
Mon, 06 Jan 2025 16:17:44  INFO train loss = 0.16524149477481842
Mon, 06 Jan 2025 16:17:50  INFO loss: 0.24877402186393738, Performance is better... saving the model
Mon, 06 Jan 2025 16:17:55  INFO train loss = 0.16006505489349365
Mon, 06 Jan 2025 16:18:00  INFO loss: 0.24366475641727448, Performance is better... saving the model
Mon, 06 Jan 2025 16:18:05  INFO train loss = 0.15529976785182953
Mon, 06 Jan 2025 16:18:11  INFO loss: 0.23749303817749023, Performance is better... saving the model
Mon, 06 Jan 2025 16:18:15  INFO train loss = 0.15094302594661713
Mon, 06 Jan 2025 16:18:21  INFO loss: 0.23297084867954254, Performance is better... saving the model
Mon, 06 Jan 2025 16:18:27  INFO train loss = 0.14717772603034973
Mon, 06 Jan 2025 16:18:32  INFO loss: 0.22732380032539368, Performance is better... saving the model
Mon, 06 Jan 2025 16:18:37  INFO train loss = 0.14370299875736237
Mon, 06 Jan 2025 16:18:42  INFO loss: 0.22357122600078583, Performance is better... saving the model
Mon, 06 Jan 2025 16:18:47  INFO train loss = 0.14040178060531616
Mon, 06 Jan 2025 16:18:52  INFO loss: 0.21904173493385315, Performance is better... saving the model
Mon, 06 Jan 2025 16:18:58  INFO train loss = 0.1375485062599182
Mon, 06 Jan 2025 16:19:03  INFO loss: 0.21519619226455688, Performance is better... saving the model
Mon, 06 Jan 2025 16:19:09  INFO train loss = 0.13481369614601135
Mon, 06 Jan 2025 16:19:14  INFO loss: 0.21282246708869934, Performance is better... saving the model
Mon, 06 Jan 2025 16:19:19  INFO train loss = 0.13234136998653412
Mon, 06 Jan 2025 16:19:24  INFO loss: 0.20978200435638428, Performance is better... saving the model
Mon, 06 Jan 2025 16:19:29  INFO train loss = 0.13001373410224915
Mon, 06 Jan 2025 16:19:35  INFO loss: 0.20638614892959595, Performance is better... saving the model
Mon, 06 Jan 2025 16:19:40  INFO train loss = 0.12790203094482422
Mon, 06 Jan 2025 16:19:45  INFO loss: 0.20430684089660645, Performance is better... saving the model
Mon, 06 Jan 2025 16:19:51  INFO train loss = 0.12575608491897583
Mon, 06 Jan 2025 16:19:56  INFO loss: 0.20204289257526398, Performance is better... saving the model
Mon, 06 Jan 2025 16:20:03  INFO train loss = 0.1239234209060669
Mon, 06 Jan 2025 16:20:08  INFO loss: 0.1997380554676056, Performance is better... saving the model
Mon, 06 Jan 2025 16:20:14  INFO train loss = 0.12208934873342514
Mon, 06 Jan 2025 16:20:20  INFO loss: 0.19783781468868256, Performance is better... saving the model
Mon, 06 Jan 2025 16:20:25  INFO train loss = 0.12039484828710556
Mon, 06 Jan 2025 16:20:31  INFO loss: 0.19606530666351318, Performance is better... saving the model
Mon, 06 Jan 2025 16:20:36  INFO train loss = 0.11870203167200089
Mon, 06 Jan 2025 16:20:41  INFO loss: 0.19461967051029205, Performance is better... saving the model
Mon, 06 Jan 2025 16:20:48  INFO train loss = 0.11712873727083206
Mon, 06 Jan 2025 16:20:53  INFO loss: 0.19287699460983276, Performance is better... saving the model
Mon, 06 Jan 2025 16:20:58  INFO train loss = 0.11548915505409241
Mon, 06 Jan 2025 16:21:03  INFO loss: 0.19144093990325928, Performance is better... saving the model
Mon, 06 Jan 2025 16:21:08  INFO train loss = 0.11390864849090576
Mon, 06 Jan 2025 16:21:13  INFO loss: 0.1898719221353531, Performance is better... saving the model
Mon, 06 Jan 2025 16:21:18  INFO train loss = 0.11228663474321365
Mon, 06 Jan 2025 16:21:24  INFO loss: 0.18816235661506653, Performance is better... saving the model
Mon, 06 Jan 2025 16:21:30  INFO train loss = 0.11064620316028595
Mon, 06 Jan 2025 16:21:35  INFO loss: 0.18683688342571259, Performance is better... saving the model
Mon, 06 Jan 2025 16:21:40  INFO train loss = 0.1091073602437973
Mon, 06 Jan 2025 16:21:46  INFO loss: 0.18506652116775513, Performance is better... saving the model
Mon, 06 Jan 2025 16:21:51  INFO train loss = 0.10744258016347885
Mon, 06 Jan 2025 16:21:56  INFO loss: 0.1838383823633194, Performance is better... saving the model
Mon, 06 Jan 2025 16:22:03  INFO train loss = 0.10577631741762161
Mon, 06 Jan 2025 16:22:08  INFO loss: 0.18259872496128082, Performance is better... saving the model
Mon, 06 Jan 2025 16:22:13  INFO train loss = 0.10414379090070724
Mon, 06 Jan 2025 16:22:18  INFO loss: 0.18059948086738586, Performance is better... saving the model
Mon, 06 Jan 2025 16:22:25  INFO train loss = 0.10239972174167633
Mon, 06 Jan 2025 16:22:31  INFO loss: 0.17933568358421326, Performance is better... saving the model
Mon, 06 Jan 2025 16:22:36  INFO train loss = 0.10065728425979614
Mon, 06 Jan 2025 16:22:42  INFO loss: 0.17774400115013123, Performance is better... saving the model
Mon, 06 Jan 2025 16:22:47  INFO train loss = 0.09888187795877457
Mon, 06 Jan 2025 16:22:53  INFO loss: 0.17642273008823395, Performance is better... saving the model
Mon, 06 Jan 2025 16:22:59  INFO train loss = 0.09704449772834778
Mon, 06 Jan 2025 16:23:05  INFO loss: 0.1747191846370697, Performance is better... saving the model
Mon, 06 Jan 2025 16:23:11  INFO train loss = 0.09521520882844925
Mon, 06 Jan 2025 16:23:17  INFO loss: 0.17342416942119598, Performance is better... saving the model
Mon, 06 Jan 2025 16:23:22  INFO train loss = 0.09331552684307098
Mon, 06 Jan 2025 16:23:28  INFO loss: 0.17165620625019073, Performance is better... saving the model
Mon, 06 Jan 2025 16:23:33  INFO train loss = 0.09141971915960312
Mon, 06 Jan 2025 16:23:38  INFO loss: 0.17021740972995758, Performance is better... saving the model
Mon, 06 Jan 2025 16:23:43  INFO train loss = 0.08959532529115677
Mon, 06 Jan 2025 16:23:48  INFO loss: 0.16865362226963043, Performance is better... saving the model
Mon, 06 Jan 2025 16:23:55  INFO train loss = 0.0876888781785965
Mon, 06 Jan 2025 16:24:00  INFO loss: 0.1669977754354477, Performance is better... saving the model
Mon, 06 Jan 2025 16:24:05  INFO train loss = 0.08584471046924591
Mon, 06 Jan 2025 16:24:11  INFO loss: 0.1652003973722458, Performance is better... saving the model
Mon, 06 Jan 2025 16:24:15  INFO train loss = 0.0839657187461853
Mon, 06 Jan 2025 16:24:20  INFO loss: 0.16386277973651886, Performance is better... saving the model
Mon, 06 Jan 2025 16:24:27  INFO train loss = 0.0821114033460617
Mon, 06 Jan 2025 16:24:32  INFO loss: 0.16236256062984467, Performance is better... saving the model
Mon, 06 Jan 2025 16:24:38  INFO train loss = 0.08031194657087326
Mon, 06 Jan 2025 16:24:44  INFO loss: 0.16038790345191956, Performance is better... saving the model
Mon, 06 Jan 2025 16:24:50  INFO train loss = 0.07845889031887054
Mon, 06 Jan 2025 16:24:55  INFO loss: 0.1585179567337036, Performance is better... saving the model
Mon, 06 Jan 2025 16:24:59  INFO train loss = 0.07674534618854523
Mon, 06 Jan 2025 16:25:05  INFO loss: 0.15691080689430237, Performance is better... saving the model
Mon, 06 Jan 2025 16:25:11  INFO train loss = 0.07509452104568481
Mon, 06 Jan 2025 16:25:17  INFO loss: 0.15542219579219818, Performance is better... saving the model
Mon, 06 Jan 2025 16:25:26  INFO train loss = 0.07342168688774109
Mon, 06 Jan 2025 16:25:32  INFO loss: 0.1536015123128891, Performance is better... saving the model
Mon, 06 Jan 2025 16:25:39  INFO train loss = 0.07184404134750366
Mon, 06 Jan 2025 16:25:45  INFO loss: 0.1520167589187622, Performance is better... saving the model
Mon, 06 Jan 2025 16:25:51  INFO train loss = 0.07030045986175537
Mon, 06 Jan 2025 16:25:56  INFO loss: 0.15087485313415527, Performance is better... saving the model
Mon, 06 Jan 2025 16:26:00  INFO train loss = 0.06891588866710663
Mon, 06 Jan 2025 16:26:06  INFO loss: 0.14929653704166412, Performance is better... saving the model
Mon, 06 Jan 2025 16:26:11  INFO train loss = 0.06756259500980377
Mon, 06 Jan 2025 16:26:17  INFO loss: 0.14759096503257751, Performance is better... saving the model
Mon, 06 Jan 2025 16:26:21  INFO train loss = 0.0662345141172409
Mon, 06 Jan 2025 16:26:27  INFO loss: 0.1464676558971405, Performance is better... saving the model
Mon, 06 Jan 2025 16:26:31  INFO train loss = 0.06501103192567825
Mon, 06 Jan 2025 16:26:37  INFO loss: 0.14533226191997528, Performance is better... saving the model
Mon, 06 Jan 2025 16:26:45  INFO train loss = 0.06390403211116791
Mon, 06 Jan 2025 16:26:51  INFO loss: 0.1436982899904251, Performance is better... saving the model
Mon, 06 Jan 2025 16:26:57  INFO train loss = 0.06283126771450043
Mon, 06 Jan 2025 16:27:03  INFO loss: 0.1427728235721588, Performance is better... saving the model
Mon, 06 Jan 2025 16:27:09  INFO train loss = 0.06182493641972542
Mon, 06 Jan 2025 16:27:15  INFO loss: 0.14125657081604004, Performance is better... saving the model
Mon, 06 Jan 2025 16:27:23  INFO train loss = 0.06084040552377701
Mon, 06 Jan 2025 16:27:29  INFO loss: 0.14017438888549805, Performance is better... saving the model
Mon, 06 Jan 2025 16:27:33  INFO train loss = 0.05995874106884003
Mon, 06 Jan 2025 16:27:39  INFO loss: 0.1390894651412964, Performance is better... saving the model
Mon, 06 Jan 2025 16:27:47  INFO train loss = 0.059121791273355484
Mon, 06 Jan 2025 16:27:53  INFO loss: 0.1378374546766281, Performance is better... saving the model
Mon, 06 Jan 2025 16:28:00  INFO train loss = 0.058408576995134354
Mon, 06 Jan 2025 16:28:07  INFO loss: 0.1368856430053711, Performance is better... saving the model
Mon, 06 Jan 2025 16:28:13  INFO train loss = 0.05765504017472267
Mon, 06 Jan 2025 16:28:18  INFO loss: 0.13615289330482483, Performance is better... saving the model
Mon, 06 Jan 2025 16:28:26  INFO train loss = 0.057041145861148834
Mon, 06 Jan 2025 16:28:32  INFO loss: 0.1352243423461914, Performance is better... saving the model
Mon, 06 Jan 2025 16:28:38  INFO train loss = 0.05637381970882416
Mon, 06 Jan 2025 16:28:44  INFO loss: 0.1340314894914627, Performance is better... saving the model
Mon, 06 Jan 2025 16:28:50  INFO train loss = 0.055828239768743515
Mon, 06 Jan 2025 16:28:55  INFO loss: 0.1333383470773697, Performance is better... saving the model
Mon, 06 Jan 2025 16:28:59  INFO train loss = 0.05529830604791641
Mon, 06 Jan 2025 16:29:05  INFO loss: 0.1325979232788086, Performance is better... saving the model
Mon, 06 Jan 2025 16:29:14  INFO train loss = 0.0548672117292881
Mon, 06 Jan 2025 16:29:21  INFO loss: 0.13189266622066498, Performance is better... saving the model
Mon, 06 Jan 2025 16:29:26  INFO train loss = 0.05440892279148102
Mon, 06 Jan 2025 16:29:31  INFO loss: 0.13103249669075012, Performance is better... saving the model
Mon, 06 Jan 2025 16:29:37  INFO train loss = 0.053978126496076584
Mon, 06 Jan 2025 16:29:43  INFO loss: 0.13040794432163239, Performance is better... saving the model
Mon, 06 Jan 2025 16:29:49  INFO train loss = 0.053575631231069565
Mon, 06 Jan 2025 16:29:55  INFO loss: 0.12913532555103302, Performance is better... saving the model
Mon, 06 Jan 2025 16:29:59  INFO train loss = 0.05323352292180061
Mon, 06 Jan 2025 16:30:05  INFO loss: 0.1287100911140442, Performance is better... saving the model
Mon, 06 Jan 2025 16:30:12  INFO train loss = 0.052928272634744644
Mon, 06 Jan 2025 16:30:17  INFO loss: 0.12846292555332184, Performance is better... saving the model
Mon, 06 Jan 2025 16:30:23  INFO train loss = 0.0525953508913517
Mon, 06 Jan 2025 16:30:29  INFO loss: 0.12759386003017426, Performance is better... saving the model
Mon, 06 Jan 2025 16:30:34  INFO train loss = 0.052268221974372864
Mon, 06 Jan 2025 16:30:39  INFO loss: 0.12713591754436493, Performance is better... saving the model
Mon, 06 Jan 2025 16:30:44  INFO train loss = 0.05199806019663811
Mon, 06 Jan 2025 16:30:50  INFO loss: 0.12666967511177063, Performance is better... saving the model
Mon, 06 Jan 2025 16:30:56  INFO train loss = 0.05178220570087433
Mon, 06 Jan 2025 16:31:02  INFO loss: 0.12589110434055328, Performance is better... saving the model
Mon, 06 Jan 2025 16:31:06  INFO train loss = 0.05146501213312149
Mon, 06 Jan 2025 16:31:12  INFO loss: 0.12566442787647247, Performance is better... saving the model
Mon, 06 Jan 2025 16:31:18  INFO train loss = 0.051228687167167664
Mon, 06 Jan 2025 16:31:24  INFO loss: 0.12477101385593414, Performance is better... saving the model
Mon, 06 Jan 2025 16:31:29  INFO train loss = 0.05099383369088173
Mon, 06 Jan 2025 16:31:34  INFO loss: 0.12458103150129318, Performance is better... saving the model
Mon, 06 Jan 2025 16:31:39  INFO train loss = 0.05075952410697937
Mon, 06 Jan 2025 16:31:44  INFO loss: 0.1239565759897232, Performance is better... saving the model
Mon, 06 Jan 2025 16:31:50  INFO train loss = 0.05058668926358223
Mon, 06 Jan 2025 16:31:56  INFO loss: 0.12338516116142273, Performance is better... saving the model
Mon, 06 Jan 2025 16:32:02  INFO train loss = 0.05030092969536781
Mon, 06 Jan 2025 16:32:08  INFO loss: 0.12291266769170761, Performance is better... saving the model
Mon, 06 Jan 2025 16:32:12  INFO train loss = 0.05011555179953575
Mon, 06 Jan 2025 16:32:18  INFO loss: 0.12262164801359177, Performance is better... saving the model
Mon, 06 Jan 2025 16:32:24  INFO train loss = 0.0498889796435833
Mon, 06 Jan 2025 16:32:29  INFO loss: 0.12211691588163376, Performance is better... saving the model
Mon, 06 Jan 2025 16:32:35  INFO train loss = 0.04969777911901474
Mon, 06 Jan 2025 16:32:40  INFO loss: 0.12182565778493881, Performance is better... saving the model
Mon, 06 Jan 2025 16:32:44  INFO train loss = 0.04950856417417526
Mon, 06 Jan 2025 16:32:50  INFO loss: 0.12108507007360458, Performance is better... saving the model
Mon, 06 Jan 2025 16:32:55  INFO train loss = 0.04929421469569206
Mon, 06 Jan 2025 16:33:01  INFO loss: 0.12065355479717255, Performance is better... saving the model
Mon, 06 Jan 2025 16:33:05  INFO train loss = 0.04905625805258751
Mon, 06 Jan 2025 16:33:12  INFO loss: 0.12073308229446411, EarlyStopping counter: 1 out of 10
Mon, 06 Jan 2025 16:33:18  INFO train loss = 0.048909977078437805
Mon, 06 Jan 2025 16:33:23  INFO loss: 0.12043097615242004, Performance is better... saving the model
Mon, 06 Jan 2025 16:33:28  INFO train loss = 0.04872767999768257
Mon, 06 Jan 2025 16:33:33  INFO loss: 0.11963049322366714, Performance is better... saving the model
Mon, 06 Jan 2025 16:33:38  INFO train loss = 0.04852499067783356
Mon, 06 Jan 2025 16:33:43  INFO loss: 0.11949730664491653, Performance is better... saving the model
Mon, 06 Jan 2025 16:33:49  INFO train loss = 0.048390407115221024
Mon, 06 Jan 2025 16:33:56  INFO loss: 0.11877043545246124, Performance is better... saving the model
Mon, 06 Jan 2025 16:34:02  INFO train loss = 0.04817505180835724
Mon, 06 Jan 2025 16:34:08  INFO loss: 0.119049072265625, EarlyStopping counter: 1 out of 10
Mon, 06 Jan 2025 16:34:15  INFO train loss = 0.04799788445234299
Mon, 06 Jan 2025 16:34:20  INFO loss: 0.11852049827575684, Performance is better... saving the model
Mon, 06 Jan 2025 16:34:26  INFO train loss = 0.04782186448574066
Mon, 06 Jan 2025 16:34:32  INFO loss: 0.11818768084049225, Performance is better... saving the model
Mon, 06 Jan 2025 16:34:36  INFO train loss = 0.04766923934221268
Mon, 06 Jan 2025 16:34:42  INFO loss: 0.117998868227005, Performance is better... saving the model
Mon, 06 Jan 2025 16:34:47  INFO train loss = 0.04752734303474426
Mon, 06 Jan 2025 16:34:52  INFO loss: 0.11771132051944733, Performance is better... saving the model
Mon, 06 Jan 2025 16:34:57  INFO train loss = 0.04735800623893738
Mon, 06 Jan 2025 16:35:03  INFO loss: 0.11717016249895096, Performance is better... saving the model
Mon, 06 Jan 2025 16:35:10  INFO train loss = 0.04722669720649719
Mon, 06 Jan 2025 16:35:16  INFO loss: 0.1171763688325882, EarlyStopping counter: 1 out of 10
Mon, 06 Jan 2025 16:35:21  INFO train loss = 0.04706207662820816
Mon, 06 Jan 2025 16:35:27  INFO loss: 0.11686160415410995, Performance is better... saving the model
Mon, 06 Jan 2025 16:35:32  INFO train loss = 0.04697004333138466
Mon, 06 Jan 2025 16:35:37  INFO loss: 0.1168389841914177, Performance is better... saving the model
Mon, 06 Jan 2025 16:35:44  INFO train loss = 0.04679970443248749
Mon, 06 Jan 2025 16:35:49  INFO loss: 0.1163703054189682, Performance is better... saving the model
Mon, 06 Jan 2025 16:35:54  INFO train loss = 0.04666459932923317
Mon, 06 Jan 2025 16:35:59  INFO loss: 0.11624036729335785, Performance is better... saving the model
Mon, 06 Jan 2025 16:36:04  INFO train loss = 0.04652560129761696
Mon, 06 Jan 2025 16:36:09  INFO loss: 0.11589576303958893, Performance is better... saving the model
Mon, 06 Jan 2025 16:36:14  INFO train loss = 0.04643595963716507
Mon, 06 Jan 2025 16:36:19  INFO loss: 0.11585722118616104, Performance is better... saving the model
Mon, 06 Jan 2025 16:36:24  INFO train loss = 0.04626799374818802
Mon, 06 Jan 2025 16:36:29  INFO loss: 0.11551253497600555, Performance is better... saving the model
Mon, 06 Jan 2025 16:36:34  INFO train loss = 0.04621938616037369
Mon, 06 Jan 2025 16:36:39  INFO loss: 0.11568635702133179, EarlyStopping counter: 1 out of 10
Mon, 06 Jan 2025 16:36:45  INFO train loss = 0.04608629643917084
Mon, 06 Jan 2025 16:36:50  INFO loss: 0.11495288461446762, Performance is better... saving the model
Mon, 06 Jan 2025 16:36:54  INFO train loss = 0.04595230147242546
Mon, 06 Jan 2025 16:37:00  INFO loss: 0.11499965935945511, EarlyStopping counter: 1 out of 10
Mon, 06 Jan 2025 16:37:04  INFO train loss = 0.045838743448257446
Mon, 06 Jan 2025 16:37:10  INFO loss: 0.114901103079319, Performance is better... saving the model
Mon, 06 Jan 2025 16:37:16  INFO train loss = 0.0457472950220108
Mon, 06 Jan 2025 16:37:21  INFO loss: 0.11449868232011795, Performance is better... saving the model
Mon, 06 Jan 2025 16:37:26  INFO train loss = 0.04564277082681656
Mon, 06 Jan 2025 16:37:32  INFO loss: 0.11482471972703934, EarlyStopping counter: 1 out of 10
Mon, 06 Jan 2025 16:37:39  INFO train loss = 0.04550392925739288
Mon, 06 Jan 2025 16:37:44  INFO loss: 0.11464754492044449, EarlyStopping counter: 2 out of 10
Mon, 06 Jan 2025 16:37:50  INFO train loss = 0.04540105164051056
Mon, 06 Jan 2025 16:37:57  INFO loss: 0.11423545330762863, Performance is better... saving the model
Mon, 06 Jan 2025 16:38:02  INFO train loss = 0.04526621103286743
Mon, 06 Jan 2025 16:38:07  INFO loss: 0.11387596279382706, Performance is better... saving the model
Mon, 06 Jan 2025 16:38:13  INFO train loss = 0.04520469903945923
Mon, 06 Jan 2025 16:38:19  INFO loss: 0.11393257975578308, EarlyStopping counter: 1 out of 10
Mon, 06 Jan 2025 16:38:24  INFO train loss = 0.045116081833839417
Mon, 06 Jan 2025 16:38:30  INFO loss: 0.11379475891590118, Performance is better... saving the model
Mon, 06 Jan 2025 16:38:34  INFO train loss = 0.04498910903930664
Mon, 06 Jan 2025 16:38:40  INFO loss: 0.11361070722341537, Performance is better... saving the model
Mon, 06 Jan 2025 16:38:44  INFO train loss = 0.04489241540431976
Mon, 06 Jan 2025 16:38:50  INFO loss: 0.11347756534814835, Performance is better... saving the model
Mon, 06 Jan 2025 16:38:57  INFO train loss = 0.04475480690598488
Mon, 06 Jan 2025 16:39:03  INFO loss: 0.1132463663816452, Performance is better... saving the model
Mon, 06 Jan 2025 16:39:09  INFO train loss = 0.044696975499391556
Mon, 06 Jan 2025 16:39:15  INFO loss: 0.11336459964513779, EarlyStopping counter: 1 out of 10
Mon, 06 Jan 2025 16:39:19  INFO train loss = 0.044610053300857544
Mon, 06 Jan 2025 16:39:24  INFO loss: 0.11321039497852325, Performance is better... saving the model
Mon, 06 Jan 2025 16:39:30  INFO train loss = 0.044499363750219345
Mon, 06 Jan 2025 16:39:35  INFO loss: 0.11292392760515213, Performance is better... saving the model
Mon, 06 Jan 2025 16:39:40  INFO train loss = 0.04442143067717552
Mon, 06 Jan 2025 16:39:45  INFO loss: 0.1128457635641098, Performance is better... saving the model
Mon, 06 Jan 2025 16:39:49  INFO train loss = 0.04431244358420372
Mon, 06 Jan 2025 16:39:55  INFO loss: 0.11288010329008102, EarlyStopping counter: 1 out of 10
Mon, 06 Jan 2025 16:39:59  INFO train loss = 0.044264499098062515
Mon, 06 Jan 2025 16:40:04  INFO loss: 0.11245602369308472, Performance is better... saving the model
Mon, 06 Jan 2025 16:40:09  INFO train loss = 0.044169772416353226
Mon, 06 Jan 2025 16:40:15  INFO loss: 0.11255975812673569, EarlyStopping counter: 1 out of 10
Mon, 06 Jan 2025 16:40:22  INFO train loss = 0.04411712661385536
Mon, 06 Jan 2025 16:40:28  INFO loss: 0.11239040642976761, Performance is better... saving the model
Mon, 06 Jan 2025 16:40:33  INFO train loss = 0.04397362098097801
Mon, 06 Jan 2025 16:40:38  INFO loss: 0.11221924424171448, Performance is better... saving the model
Mon, 06 Jan 2025 16:40:43  INFO train loss = 0.043877385556697845
Mon, 06 Jan 2025 16:40:49  INFO loss: 0.11239631474018097, EarlyStopping counter: 1 out of 10
Mon, 06 Jan 2025 16:40:55  INFO train loss = 0.04383746534585953
Mon, 06 Jan 2025 16:41:01  INFO loss: 0.11223110556602478, EarlyStopping counter: 2 out of 10
Mon, 06 Jan 2025 16:41:05  INFO train loss = 0.04370667040348053
Mon, 06 Jan 2025 16:41:10  INFO loss: 0.11212517321109772, Performance is better... saving the model
Mon, 06 Jan 2025 16:41:15  INFO train loss = 0.043628957122564316
Mon, 06 Jan 2025 16:41:20  INFO loss: 0.11196210980415344, Performance is better... saving the model
Mon, 06 Jan 2025 16:41:25  INFO train loss = 0.04355546832084656
Mon, 06 Jan 2025 16:41:30  INFO loss: 0.11186724156141281, Performance is better... saving the model
Mon, 06 Jan 2025 16:41:35  INFO train loss = 0.0434718057513237
Mon, 06 Jan 2025 16:41:41  INFO loss: 0.11167698353528976, Performance is better... saving the model
Mon, 06 Jan 2025 16:41:45  INFO train loss = 0.04341595992445946
Mon, 06 Jan 2025 16:41:51  INFO loss: 0.1119677722454071, EarlyStopping counter: 1 out of 10
Mon, 06 Jan 2025 16:41:55  INFO train loss = 0.04333498328924179
Mon, 06 Jan 2025 16:42:01  INFO loss: 0.11145011335611343, Performance is better... saving the model
Mon, 06 Jan 2025 16:42:06  INFO train loss = 0.04326425492763519
Mon, 06 Jan 2025 16:42:11  INFO loss: 0.11179876327514648, EarlyStopping counter: 1 out of 10
Mon, 06 Jan 2025 16:42:16  INFO train loss = 0.0431930348277092
Mon, 06 Jan 2025 16:42:22  INFO loss: 0.111274853348732, Performance is better... saving the model
Mon, 06 Jan 2025 16:42:28  INFO train loss = 0.043081894516944885
Mon, 06 Jan 2025 16:42:34  INFO loss: 0.11120741814374924, Performance is better... saving the model
Mon, 06 Jan 2025 16:42:39  INFO train loss = 0.04299870878458023
Mon, 06 Jan 2025 16:42:44  INFO loss: 0.11113575845956802, Performance is better... saving the model
Mon, 06 Jan 2025 16:42:49  INFO train loss = 0.04293874278664589
Mon, 06 Jan 2025 16:42:54  INFO loss: 0.1112060695886612, EarlyStopping counter: 1 out of 10
Mon, 06 Jan 2025 16:42:59  INFO train loss = 0.04287949576973915
Mon, 06 Jan 2025 16:43:05  INFO loss: 0.11099584400653839, Performance is better... saving the model
Mon, 06 Jan 2025 16:43:12  INFO train loss = 0.04281926155090332
Mon, 06 Jan 2025 16:43:18  INFO loss: 0.11099910736083984, EarlyStopping counter: 1 out of 10
Mon, 06 Jan 2025 16:43:23  INFO train loss = 0.04272981360554695
Mon, 06 Jan 2025 16:43:28  INFO loss: 0.11077677458524704, Performance is better... saving the model
Mon, 06 Jan 2025 16:43:33  INFO train loss = 0.04263729602098465
Mon, 06 Jan 2025 16:43:38  INFO loss: 0.1109565794467926, EarlyStopping counter: 1 out of 10
Mon, 06 Jan 2025 16:43:42  INFO train loss = 0.04258132725954056
Mon, 06 Jan 2025 16:43:48  INFO loss: 0.11055758595466614, Performance is better... saving the model
Mon, 06 Jan 2025 16:43:53  INFO train loss = 0.04254572093486786
Mon, 06 Jan 2025 16:43:58  INFO loss: 0.11067894846200943, EarlyStopping counter: 1 out of 10
Mon, 06 Jan 2025 16:44:03  INFO train loss = 0.04249443858861923
Mon, 06 Jan 2025 16:44:09  INFO loss: 0.11060816049575806, EarlyStopping counter: 2 out of 10
Mon, 06 Jan 2025 16:44:14  INFO train loss = 0.04244915395975113
Mon, 06 Jan 2025 16:44:20  INFO loss: 0.11066437512636185, EarlyStopping counter: 3 out of 10
Mon, 06 Jan 2025 16:44:24  INFO train loss = 0.04232966899871826
Mon, 06 Jan 2025 16:44:30  INFO loss: 0.11040151119232178, Performance is better... saving the model
Mon, 06 Jan 2025 16:44:37  INFO train loss = 0.04226043075323105
Mon, 06 Jan 2025 16:44:43  INFO loss: 0.11035136878490448, Performance is better... saving the model
Mon, 06 Jan 2025 16:44:48  INFO train loss = 0.04221052676439285
Mon, 06 Jan 2025 16:44:53  INFO loss: 0.11055164784193039, EarlyStopping counter: 1 out of 10
Mon, 06 Jan 2025 16:44:57  INFO train loss = 0.0421268567442894
Mon, 06 Jan 2025 16:45:02  INFO loss: 0.10997409373521805, Performance is better... saving the model
Mon, 06 Jan 2025 16:45:08  INFO train loss = 0.04208415746688843
Mon, 06 Jan 2025 16:45:13  INFO loss: 0.11020389199256897, EarlyStopping counter: 1 out of 10
Mon, 06 Jan 2025 16:45:21  INFO train loss = 0.042047105729579926
Mon, 06 Jan 2025 16:45:27  INFO loss: 0.11002217233181, EarlyStopping counter: 2 out of 10
Mon, 06 Jan 2025 16:45:31  INFO train loss = 0.04195786267518997
Mon, 06 Jan 2025 16:45:37  INFO loss: 0.1102752760052681, EarlyStopping counter: 3 out of 10
Mon, 06 Jan 2025 16:45:42  INFO train loss = 0.041907649487257004
Mon, 06 Jan 2025 16:45:47  INFO loss: 0.11003439128398895, EarlyStopping counter: 4 out of 10
Mon, 06 Jan 2025 16:45:52  INFO train loss = 0.04184246063232422
Mon, 06 Jan 2025 16:45:57  INFO loss: 0.11008652299642563, EarlyStopping counter: 5 out of 10
Mon, 06 Jan 2025 16:46:02  INFO train loss = 0.041767850518226624
Mon, 06 Jan 2025 16:46:08  INFO loss: 0.10986091941595078, Performance is better... saving the model
Mon, 06 Jan 2025 16:46:13  INFO train loss = 0.04170367121696472
Mon, 06 Jan 2025 16:46:18  INFO loss: 0.10976815968751907, Performance is better... saving the model
Mon, 06 Jan 2025 16:46:24  INFO train loss = 0.041677892208099365
Mon, 06 Jan 2025 16:46:30  INFO loss: 0.10947377979755402, Performance is better... saving the model
Mon, 06 Jan 2025 16:46:34  INFO train loss = 0.041612934321165085
Mon, 06 Jan 2025 16:46:39  INFO loss: 0.10953311622142792, EarlyStopping counter: 1 out of 10
Mon, 06 Jan 2025 16:46:44  INFO train loss = 0.04153092950582504
Mon, 06 Jan 2025 16:46:49  INFO loss: 0.109596848487854, EarlyStopping counter: 2 out of 10
Mon, 06 Jan 2025 16:46:54  INFO train loss = 0.04153629392385483
Mon, 06 Jan 2025 16:46:59  INFO loss: 0.10957946628332138, EarlyStopping counter: 3 out of 10
Mon, 06 Jan 2025 16:47:05  INFO train loss = 0.041455838829278946
Mon, 06 Jan 2025 16:47:10  INFO loss: 0.1093616858124733, Performance is better... saving the model
Mon, 06 Jan 2025 16:47:16  INFO train loss = 0.04139500856399536
Mon, 06 Jan 2025 16:47:23  INFO loss: 0.10942085087299347, EarlyStopping counter: 1 out of 10
Mon, 06 Jan 2025 16:47:31  INFO train loss = 0.041308317333459854
Mon, 06 Jan 2025 16:47:36  INFO loss: 0.10932017862796783, Performance is better... saving the model
Mon, 06 Jan 2025 16:47:42  INFO train loss = 0.04126346856355667
Mon, 06 Jan 2025 16:47:48  INFO loss: 0.10964280366897583, EarlyStopping counter: 1 out of 10
Mon, 06 Jan 2025 16:47:53  INFO train loss = 0.04123508185148239
Mon, 06 Jan 2025 16:47:59  INFO loss: 0.10929448902606964, Performance is better... saving the model
Mon, 06 Jan 2025 16:48:03  INFO train loss = 0.04116596281528473
Mon, 06 Jan 2025 16:48:09  INFO loss: 0.10919489711523056, Performance is better... saving the model
Mon, 06 Jan 2025 16:48:14  INFO train loss = 0.04113764315843582
Mon, 06 Jan 2025 16:48:19  INFO loss: 0.10937293618917465, EarlyStopping counter: 1 out of 10
Mon, 06 Jan 2025 16:48:24  INFO train loss = 0.04107104241847992
Mon, 06 Jan 2025 16:48:29  INFO loss: 0.10910457372665405, Performance is better... saving the model
Mon, 06 Jan 2025 16:48:34  INFO train loss = 0.041009485721588135
Mon, 06 Jan 2025 16:48:40  INFO loss: 0.10917573422193527, EarlyStopping counter: 1 out of 10
Mon, 06 Jan 2025 16:48:47  INFO train loss = 0.04093832150101662
Mon, 06 Jan 2025 16:48:52  INFO loss: 0.10894033312797546, Performance is better... saving the model
Mon, 06 Jan 2025 16:48:56  INFO train loss = 0.040928035974502563
Mon, 06 Jan 2025 16:49:02  INFO loss: 0.10908489674329758, EarlyStopping counter: 1 out of 10
Mon, 06 Jan 2025 16:49:11  INFO train loss = 0.04085289686918259
Mon, 06 Jan 2025 16:49:17  INFO loss: 0.1092190369963646, EarlyStopping counter: 2 out of 10
Mon, 06 Jan 2025 16:49:23  INFO train loss = 0.040801677852869034
Mon, 06 Jan 2025 16:49:29  INFO loss: 0.1090628057718277, EarlyStopping counter: 3 out of 10
Mon, 06 Jan 2025 16:49:35  INFO train loss = 0.0407770499587059
Mon, 06 Jan 2025 16:49:40  INFO loss: 0.1091025322675705, EarlyStopping counter: 4 out of 10
Mon, 06 Jan 2025 16:49:45  INFO train loss = 0.04071270674467087
Mon, 06 Jan 2025 16:49:50  INFO loss: 0.10873862355947495, Performance is better... saving the model
Mon, 06 Jan 2025 16:49:55  INFO train loss = 0.04067421704530716
Mon, 06 Jan 2025 16:50:00  INFO loss: 0.10881844907999039, EarlyStopping counter: 1 out of 10
Mon, 06 Jan 2025 16:50:07  INFO train loss = 0.04059823602437973
Mon, 06 Jan 2025 16:50:13  INFO loss: 0.10888229310512543, EarlyStopping counter: 2 out of 10
Mon, 06 Jan 2025 16:50:17  INFO train loss = 0.04056398570537567
Mon, 06 Jan 2025 16:50:22  INFO loss: 0.10862007737159729, Performance is better... saving the model
Mon, 06 Jan 2025 16:50:30  INFO train loss = 0.0405200757086277
Mon, 06 Jan 2025 16:50:35  INFO loss: 0.10865163058042526, EarlyStopping counter: 1 out of 10
Mon, 06 Jan 2025 16:50:40  INFO train loss = 0.040470946580171585
Mon, 06 Jan 2025 16:50:45  INFO loss: 0.10850520431995392, Performance is better... saving the model
Mon, 06 Jan 2025 16:50:49  INFO train loss = 0.040436841547489166
Mon, 06 Jan 2025 16:50:55  INFO loss: 0.10855850577354431, EarlyStopping counter: 1 out of 10
Mon, 06 Jan 2025 16:51:00  INFO train loss = 0.04040079563856125
Mon, 06 Jan 2025 16:51:06  INFO loss: 0.10854154825210571, EarlyStopping counter: 2 out of 10
Mon, 06 Jan 2025 16:51:12  INFO train loss = 0.040346696972846985
Mon, 06 Jan 2025 16:51:17  INFO loss: 0.10843808948993683, Performance is better... saving the model
Mon, 06 Jan 2025 16:51:23  INFO train loss = 0.04028569906949997
Mon, 06 Jan 2025 16:51:29  INFO loss: 0.10843590646982193, Performance is better... saving the model
Mon, 06 Jan 2025 16:51:34  INFO train loss = 0.04025566205382347
Mon, 06 Jan 2025 16:51:39  INFO loss: 0.10836513340473175, Performance is better... saving the model
Mon, 06 Jan 2025 16:51:45  INFO train loss = 0.040193092077970505
Mon, 06 Jan 2025 16:51:50  INFO loss: 0.10824798047542572, Performance is better... saving the model
Mon, 06 Jan 2025 16:51:55  INFO train loss = 0.040165409445762634
Mon, 06 Jan 2025 16:52:00  INFO loss: 0.10820598155260086, Performance is better... saving the model
Mon, 06 Jan 2025 16:52:06  INFO train loss = 0.040116116404533386
Mon, 06 Jan 2025 16:52:11  INFO loss: 0.10808421671390533, Performance is better... saving the model
Mon, 06 Jan 2025 16:52:15  INFO train loss = 0.04010458663105965
Mon, 06 Jan 2025 16:52:21  INFO loss: 0.10839869827032089, EarlyStopping counter: 1 out of 10
Mon, 06 Jan 2025 16:52:26  INFO train loss = 0.04005014896392822
Mon, 06 Jan 2025 16:52:31  INFO loss: 0.10824097692966461, EarlyStopping counter: 2 out of 10
Mon, 06 Jan 2025 16:52:36  INFO train loss = 0.039999935775995255
Mon, 06 Jan 2025 16:52:41  INFO loss: 0.10832586884498596, EarlyStopping counter: 3 out of 10
Mon, 06 Jan 2025 16:52:46  INFO train loss = 0.03999747335910797
Mon, 06 Jan 2025 16:52:51  INFO loss: 0.10842324793338776, EarlyStopping counter: 4 out of 10
Mon, 06 Jan 2025 16:52:57  INFO train loss = 0.03992415964603424
Mon, 06 Jan 2025 16:53:03  INFO loss: 0.10826248675584793, EarlyStopping counter: 5 out of 10
Mon, 06 Jan 2025 16:53:07  INFO train loss = 0.03989192843437195
Mon, 06 Jan 2025 16:53:12  INFO loss: 0.10812616348266602, EarlyStopping counter: 6 out of 10
Mon, 06 Jan 2025 16:53:17  INFO train loss = 0.03982532396912575
Mon, 06 Jan 2025 16:53:23  INFO loss: 0.10813666880130768, EarlyStopping counter: 7 out of 10
Mon, 06 Jan 2025 16:53:27  INFO train loss = 0.039825960993766785
Mon, 06 Jan 2025 16:53:32  INFO loss: 0.10796051472425461, Performance is better... saving the model
Mon, 06 Jan 2025 16:53:37  INFO train loss = 0.039791934192180634
Mon, 06 Jan 2025 16:53:43  INFO loss: 0.10799580812454224, EarlyStopping counter: 1 out of 10
Mon, 06 Jan 2025 16:53:47  INFO train loss = 0.03973216563463211
Mon, 06 Jan 2025 16:53:53  INFO loss: 0.10802781581878662, EarlyStopping counter: 2 out of 10
Mon, 06 Jan 2025 16:53:57  INFO train loss = 0.039684273302555084
Mon, 06 Jan 2025 16:54:03  INFO loss: 0.10807253420352936, EarlyStopping counter: 3 out of 10
Mon, 06 Jan 2025 16:54:09  INFO train loss = 0.039664532989263535
Mon, 06 Jan 2025 16:54:14  INFO loss: 0.1078973338007927, Performance is better... saving the model
Mon, 06 Jan 2025 16:54:19  INFO train loss = 0.03962182253599167
Mon, 06 Jan 2025 16:54:24  INFO loss: 0.10781898349523544, Performance is better... saving the model
Mon, 06 Jan 2025 16:54:31  INFO train loss = 0.039603665471076965
Mon, 06 Jan 2025 16:54:36  INFO loss: 0.10799847543239594, EarlyStopping counter: 1 out of 10
Mon, 06 Jan 2025 16:54:41  INFO train loss = 0.039535921066999435
Mon, 06 Jan 2025 16:54:46  INFO loss: 0.10778915882110596, Performance is better... saving the model
Mon, 06 Jan 2025 16:54:52  INFO train loss = 0.03951755538582802
Mon, 06 Jan 2025 16:54:57  INFO loss: 0.10794884711503983, EarlyStopping counter: 1 out of 10
Mon, 06 Jan 2025 16:55:03  INFO train loss = 0.03948847949504852
Mon, 06 Jan 2025 16:55:09  INFO loss: 0.10776209831237793, Performance is better... saving the model
Mon, 06 Jan 2025 16:55:14  INFO train loss = 0.039439067244529724
Mon, 06 Jan 2025 16:55:19  INFO loss: 0.1077190563082695, Performance is better... saving the model
Mon, 06 Jan 2025 16:55:28  INFO train loss = 0.0394255667924881
Mon, 06 Jan 2025 16:55:33  INFO loss: 0.10769832879304886, Performance is better... saving the model
Mon, 06 Jan 2025 16:55:38  INFO train loss = 0.039398565888404846
Mon, 06 Jan 2025 16:55:43  INFO loss: 0.1076132133603096, Performance is better... saving the model
Mon, 06 Jan 2025 16:55:47  INFO train loss = 0.03935474902391434
Mon, 06 Jan 2025 16:55:53  INFO loss: 0.10761900991201401, EarlyStopping counter: 1 out of 10
Mon, 06 Jan 2025 16:55:57  INFO train loss = 0.03934541344642639
Mon, 06 Jan 2025 16:56:03  INFO loss: 0.10751736909151077, Performance is better... saving the model
Mon, 06 Jan 2025 16:56:07  INFO train loss = 0.03926935791969299
Mon, 06 Jan 2025 16:56:12  INFO loss: 0.1077345460653305, EarlyStopping counter: 1 out of 10
Mon, 06 Jan 2025 16:56:17  INFO train loss = 0.039253685623407364
Mon, 06 Jan 2025 16:56:23  INFO loss: 0.10744433850049973, Performance is better... saving the model
Mon, 06 Jan 2025 16:56:30  INFO train loss = 0.03922529146075249
Mon, 06 Jan 2025 16:56:35  INFO loss: 0.10758126527070999, EarlyStopping counter: 1 out of 10
Mon, 06 Jan 2025 16:56:39  INFO train loss = 0.03919316083192825
Mon, 06 Jan 2025 16:56:45  INFO loss: 0.10771004855632782, EarlyStopping counter: 2 out of 10
Mon, 06 Jan 2025 16:56:51  INFO train loss = 0.039148226380348206
Mon, 06 Jan 2025 16:56:56  INFO loss: 0.10746317356824875, EarlyStopping counter: 3 out of 10
Mon, 06 Jan 2025 16:57:00  INFO train loss = 0.03911830112338066
Mon, 06 Jan 2025 16:57:06  INFO loss: 0.10741616040468216, Performance is better... saving the model
Mon, 06 Jan 2025 16:57:10  INFO train loss = 0.03909813612699509
Mon, 06 Jan 2025 16:57:16  INFO loss: 0.10755890607833862, EarlyStopping counter: 1 out of 10
Mon, 06 Jan 2025 16:57:22  INFO train loss = 0.039067186415195465
Mon, 06 Jan 2025 16:57:28  INFO loss: 0.10731561481952667, Performance is better... saving the model
Mon, 06 Jan 2025 16:57:33  INFO train loss = 0.03902531787753105
Mon, 06 Jan 2025 16:57:38  INFO loss: 0.1073182001709938, EarlyStopping counter: 1 out of 10
Mon, 06 Jan 2025 16:57:43  INFO train loss = 0.039019875228405
Mon, 06 Jan 2025 16:57:48  INFO loss: 0.10717742890119553, Performance is better... saving the model
Mon, 06 Jan 2025 16:57:53  INFO train loss = 0.038963668048381805
Mon, 06 Jan 2025 16:57:58  INFO loss: 0.10717479139566422, Performance is better... saving the model
Mon, 06 Jan 2025 16:58:05  INFO train loss = 0.03892837092280388
Mon, 06 Jan 2025 16:58:11  INFO loss: 0.10711974650621414, Performance is better... saving the model
Mon, 06 Jan 2025 16:58:16  INFO train loss = 0.03893774747848511
Mon, 06 Jan 2025 16:58:21  INFO loss: 0.10729829221963882, EarlyStopping counter: 1 out of 10
Mon, 06 Jan 2025 16:58:26  INFO train loss = 0.0388621985912323
Mon, 06 Jan 2025 16:58:32  INFO loss: 0.10716990381479263, EarlyStopping counter: 2 out of 10
Mon, 06 Jan 2025 16:58:38  INFO train loss = 0.03885214030742645
Mon, 06 Jan 2025 16:58:43  INFO loss: 0.1069764569401741, Performance is better... saving the model
Mon, 06 Jan 2025 16:58:48  INFO train loss = 0.038828253746032715
Mon, 06 Jan 2025 16:58:53  INFO loss: 0.10718989372253418, EarlyStopping counter: 1 out of 10
Mon, 06 Jan 2025 16:58:58  INFO train loss = 0.03878110647201538
Mon, 06 Jan 2025 16:59:03  INFO loss: 0.10711704939603806, EarlyStopping counter: 2 out of 10
Mon, 06 Jan 2025 16:59:07  INFO train loss = 0.03874201700091362
Mon, 06 Jan 2025 16:59:13  INFO loss: 0.10695717483758926, Performance is better... saving the model
Mon, 06 Jan 2025 16:59:17  INFO train loss = 0.03870349004864693
Mon, 06 Jan 2025 16:59:23  INFO loss: 0.10707840323448181, EarlyStopping counter: 1 out of 10
Mon, 06 Jan 2025 16:59:27  INFO train loss = 0.038692228496074677
Mon, 06 Jan 2025 16:59:32  INFO loss: 0.10703147947788239, EarlyStopping counter: 2 out of 10
Mon, 06 Jan 2025 16:59:36  INFO train loss = 0.03866482153534889
Mon, 06 Jan 2025 16:59:42  INFO loss: 0.1070636510848999, EarlyStopping counter: 3 out of 10
Mon, 06 Jan 2025 16:59:46  INFO train loss = 0.03865921124815941
Mon, 06 Jan 2025 16:59:52  INFO loss: 0.10674293339252472, Performance is better... saving the model
Mon, 06 Jan 2025 16:59:56  INFO train loss = 0.03855903446674347
Mon, 06 Jan 2025 17:00:01  INFO loss: 0.10685569047927856, EarlyStopping counter: 1 out of 10
Mon, 06 Jan 2025 17:00:06  INFO train loss = 0.03860319033265114
Mon, 06 Jan 2025 17:00:12  INFO loss: 0.1069629043340683, EarlyStopping counter: 2 out of 10
Mon, 06 Jan 2025 17:00:19  INFO train loss = 0.03853868320584297
Mon, 06 Jan 2025 17:00:24  INFO loss: 0.10674677044153214, EarlyStopping counter: 3 out of 10
Mon, 06 Jan 2025 17:00:29  INFO train loss = 0.038499388843774796
Mon, 06 Jan 2025 17:00:34  INFO loss: 0.10686413198709488, EarlyStopping counter: 4 out of 10
Mon, 06 Jan 2025 17:00:39  INFO train loss = 0.03852257505059242
Mon, 06 Jan 2025 17:00:45  INFO loss: 0.10702641308307648, EarlyStopping counter: 5 out of 10
Mon, 06 Jan 2025 17:00:50  INFO train loss = 0.03844141215085983
Mon, 06 Jan 2025 17:00:55  INFO loss: 0.10675238072872162, EarlyStopping counter: 6 out of 10
Mon, 06 Jan 2025 17:01:00  INFO train loss = 0.03843475505709648
Mon, 06 Jan 2025 17:01:05  INFO loss: 0.10678013414144516, EarlyStopping counter: 7 out of 10
Mon, 06 Jan 2025 17:01:10  INFO train loss = 0.038409922271966934
Mon, 06 Jan 2025 17:01:16  INFO loss: 0.10682430118322372, EarlyStopping counter: 8 out of 10
Mon, 06 Jan 2025 17:01:21  INFO train loss = 0.038375236093997955
Mon, 06 Jan 2025 17:01:26  INFO loss: 0.10684630274772644, EarlyStopping counter: 9 out of 10
Mon, 06 Jan 2025 17:01:31  INFO train loss = 0.03836691752076149
Mon, 06 Jan 2025 17:01:37  INFO loss: 0.1069377064704895, EarlyStopping counter: 10 out of 10
Mon, 06 Jan 2025 17:01:37  INFO loading best model for test
Mon, 06 Jan 2025 17:01:37  INFO begin testing
Mon, 06 Jan 2025 17:02:10  INFO For top100, metric recall = 0.045581158822919514
Mon, 06 Jan 2025 17:02:10  INFO For top300, metric recall = 0.0916880240616955
Mon, 06 Jan 2025 17:02:10  INFO For top100, metric hit_ratio = 0.2946159524645118
Mon, 06 Jan 2025 17:02:10  INFO For top300, metric hit_ratio = 0.47142182905134755
Mon, 06 Jan 2025 17:02:10  INFO For top100, metric coverage = 39.51233768591241
Mon, 06 Jan 2025 17:02:10  INFO For top300, metric coverage = 90.27585831326468
